<?xml version="1.0" encoding="UTF-8"?>
<testsuite name="BasicUITest" tests="1" skipped="0" failures="0" errors="0" timestamp="2022-04-06T18:32:34" hostname="DELL7777" time="0.006">
  <properties/>
  <testcase name="testEnterFundsAmount" classname="BasicUITest" time="0.006"/>
  <system-out><![CDATA[]]></system-out>
  <system-err><![CDATA[]]></system-err>
</testsuite>
