<?xml version="1.0" encoding="UTF-8"?>
<testsuite name="UserPortfoliolistPortfolioAssetsByNameTest" tests="1" skipped="0" failures="0" errors="0" timestamp="2022-04-06T18:32:39" hostname="DELL7777" time="0.001">
  <properties/>
  <testcase name="getPortfolioAssetsByName_WithValidNames_ReturnsPortfolioAssetsByNameSize" classname="UserPortfoliolistPortfolioAssetsByNameTest" time="0.001"/>
  <system-out><![CDATA[

]]></system-out>
  <system-err><![CDATA[]]></system-err>
</testsuite>
